<?xml version="1.0" encoding="UTF-8"?>
<testng-results ignored="0" total="2" passed="2" failed="0" skipped="0">
  <reporter-output>
  </reporter-output>
  <suite started-at="2021-09-17T12:06:13 IST" name="SampleSuite2" finished-at="2021-09-17T12:06:59 IST" duration-ms="46199">
    <groups>
    </groups>
    <test started-at="2021-09-17T12:06:13 IST" name="SampleTest" finished-at="2021-09-17T12:06:34 IST" duration-ms="20949">
      <class name="com.picnic.CrossBrowserScript">
        <test-method is-config="true" signature="setup(java.lang.String)[pri:0, instance:com.picnic.CrossBrowserScript@7e7be63f]" started-at="2021-09-17T12:06:13 IST" name="setup" finished-at="2021-09-17T12:06:19 IST" duration-ms="5559" status="PASS">
          <params>
            <param index="0">
              <value>
                <![CDATA[Chrome]]>
              </value>
            </param>
          </params>
          <reporter-output>
          </reporter-output>
        </test-method> <!-- setup -->
        <test-method signature="testParameterWithXML()[pri:0, instance:com.picnic.CrossBrowserScript@7e7be63f]" started-at="2021-09-17T12:06:19 IST" name="testParameterWithXML" finished-at="2021-09-17T12:06:34 IST" duration-ms="15325" status="PASS">
          <reporter-output>
          </reporter-output>
        </test-method> <!-- testParameterWithXML -->
      </class> <!-- com.picnic.CrossBrowserScript -->
    </test> <!-- SampleTest -->
    <test started-at="2021-09-17T12:06:34 IST" name="Sample2Test" finished-at="2021-09-17T12:06:59 IST" duration-ms="25133">
      <class name="com.picnic.CrossBrowserScript">
        <test-method is-config="true" signature="setup(java.lang.String)[pri:0, instance:com.picnic.CrossBrowserScript@290222c1]" started-at="2021-09-17T12:06:34 IST" name="setup" finished-at="2021-09-17T12:06:41 IST" duration-ms="6444" status="PASS">
          <params>
            <param index="0">
              <value>
                <![CDATA[Firefox]]>
              </value>
            </param>
          </params>
          <reporter-output>
          </reporter-output>
        </test-method> <!-- setup -->
        <test-method signature="testParameterWithXML()[pri:0, instance:com.picnic.CrossBrowserScript@290222c1]" started-at="2021-09-17T12:06:41 IST" name="testParameterWithXML" finished-at="2021-09-17T12:06:59 IST" duration-ms="18687" status="PASS">
          <reporter-output>
          </reporter-output>
        </test-method> <!-- testParameterWithXML -->
      </class> <!-- com.picnic.CrossBrowserScript -->
    </test> <!-- Sample2Test -->
  </suite> <!-- SampleSuite2 -->
</testng-results>
